proguard-project.txt
# To enable ProGuard in your project, edit project.properties
# to define the proguard.config property as described in that file.
#
# Add project specific ProGuard rules here.
# By default, the flags in this file are appended to flags specified
# in ${sdk.dir}/tools/proguard/proguard-android.txt
# You can edit the include path and order by changing the ProGuard
# include property in project.properties.
#
# For more details, see
#   http://developer.android.com/guide/developing/tools/proguard.html

# Add any project specific keep options here:

# If your project uses WebView with JS, uncomment the following
# and specify the fully qualified class name to the JavaScript interface
# class:
#-keepclassmembers class fqcn.of.javascript.interface.for.webview {
#   public *;
#}
-dontwarn com.slidingmenu.lib.app.SlidingMapActivity

-keep class android.support.v4.app.** { *; }
-keep interface android.support.v4.app.** { *; }
-keep class com.actionbarsherlock.** { *; }
-keep interface com.actionbarsherlock.** { *; }

-keepattributes *Annotation*

-keep public class cn.waps.** {*;} 
-keep public interface cn.waps.** {*;}

-keep class com.ctsxa.mean.QuMiOfConnect {   
        public *;   
}   
 
-keep class com.ctsxa.mean.QuMiEarnPointsNotify{ 
        public *;   
} 
 
-keep public class com.ctsxa.mean.QMOfsActivity{ 
        public *; 
} 
 
-keep public class com.ctsxa.mean.QMOfsActivity$WallBoardJavaScriptInterfaceNow 
 
-keepclassmembers class com.ctsxa.mean.QMOfsActivity$WallBoardJavaScriptInterfaceNow{ 
<methods>; 

-keep public class net.miidi.ad.wall.** {
*;
}

-keep class **.R$* {     
*;     
}

-libraryjars    libs\yjfsdk.jar

-keep public class com.juzi.main.** { *; } 