proguard/seeds.txt
org.leonlong.android.moneymaker.R$anim: int fade_out
org.leonlong.android.moneymaker.R$array: int functions
org.leonlong.android.moneymaker.R$array: int money_areas
org.leonlong.android.moneymaker.R$array: int money_areas_desc
org.leonlong.android.moneymaker.R$attr: int actionBarDivider
org.leonlong.android.moneymaker.R$attr: int actionBarItemBackground
org.leonlong.android.moneymaker.R$attr: int actionBarSize
org.leonlong.android.moneymaker.R$attr: int actionBarSplitStyle
org.leonlong.android.moneymaker.R$attr: int actionBarStyle
org.leonlong.android.moneymaker.R$attr: int actionBarTabBarStyle
org.leonlong.android.moneymaker.R$attr: int actionBarTabStyle
org.leonlong.android.moneymaker.R$attr: int actionBarTabTextStyle
org.leonlong.android.moneymaker.R$attr: int actionBarWidgetTheme
org.leonlong.android.moneymaker.R$attr: int actionButtonStyle
org.leonlong.android.moneymaker.R$attr: int actionDropDownStyle
org.leonlong.android.moneymaker.R$attr: int actionMenuTextAppearance
org.leonlong.android.moneymaker.R$attr: int actionMenuTextColor
org.leonlong.android.moneymaker.R$attr: int actionModeBackground
org.leonlong.android.moneymaker.R$attr: int actionModeCloseButtonStyle
org.leonlong.android.moneymaker.R$attr: int actionModeCloseDrawable
org.leonlong.android.moneymaker.R$attr: int actionModePopupWindowStyle
org.leonlong.android.moneymaker.R$attr: int actionModeShareDrawable
org.leonlong.android.moneymaker.R$attr: int actionModeSplitBackground
org.leonlong.android.moneymaker.R$attr: int actionModeStyle
org.leonlong.android.moneymaker.R$attr: int actionOverflowButtonStyle
org.leonlong.android.moneymaker.R$attr: int actionSpinnerItemStyle
org.leonlong.android.moneymaker.R$bool: int abs__action_bar_embed_tabs
org.leonlong.android.moneymaker.R$bool: int abs__action_bar_expanded_action_views_exclusive
org.leonlong.android.moneymaker.R$bool: int abs__config_actionMenuItemAllCaps
org.leonlong.android.moneymaker.R$bool: int abs__config_allowActionMenuItemTextWithIcon
org.leonlong.android.moneymaker.R$bool: int abs__config_showMenuShortcutsWhenKeyboardPresent
org.leonlong.android.moneymaker.R$bool: int abs__split_action_bar_is_narrow
org.leonlong.android.moneymaker.R$color: int abs__background_holo_dark
org.leonlong.android.moneymaker.R$color: int abs__background_holo_light
org.leonlong.android.moneymaker.R$color: int abs__bright_foreground_disabled_holo_dark
org.leonlong.android.moneymaker.R$color: int abs__bright_foreground_disabled_holo_light
org.leonlong.android.moneymaker.R$color: int abs__bright_foreground_holo_dark
org.leonlong.android.moneymaker.R$color: int abs__bright_foreground_holo_light
org.leonlong.android.moneymaker.R$color: int abs__bright_foreground_inverse_holo_dark
org.leonlong.android.moneymaker.R$color: int abs__bright_foreground_inverse_holo_light
org.leonlong.android.moneymaker.R$color: int abs__holo_blue_light
org.leonlong.android.moneymaker.R$color: int abs__primary_text_disable_only_holo_dark
org.leonlong.android.moneymaker.R$color: int abs__primary_text_disable_only_holo_light
org.leonlong.android.moneymaker.R$color: int abs__primary_text_holo_dark
org.leonlong.android.moneymaker.R$color: int abs__primary_text_holo_light
org.leonlong.android.moneymaker.R$color: int aliceblue
org.leonlong.android.moneymaker.R$color: int antiquewhite
org.leonlong.android.moneymaker.R$color: int aqua
org.leonlong.android.moneymaker.R$color: int aquamarine
org.leonlong.android.moneymaker.R$color: int azure
org.leonlong.android.moneymaker.R$color: int beige
org.leonlong.android.moneymaker.R$color: int bisque
org.leonlong.android.moneymaker.R$color: int black
...
com.actionbarsherlock.widget.SearchView$SearchAutoComplete
com.actionbarsherlock.widget.SearchView$SearchAutoComplete: int mThreshold
com.actionbarsherlock.widget.SearchView$SearchAutoComplete: com.actionbarsherlock.widget.SearchView mSearchView
com.actionbarsherlock.widget.SearchView$SearchAutoComplete: SearchView$SearchAutoComplete(android.content.Context)
com.actionbarsherlock.widget.SearchView$SearchAutoComplete: SearchView$SearchAutoComplete(android.content.Context,android.util.AttributeSet)
com.actionbarsherlock.widget.SearchView$SearchAutoComplete: SearchView$SearchAutoComplete(android.content.Context,android.util.AttributeSet,int)
com.actionbarsherlock.widget.SearchView$SearchAutoComplete: void setSearchView(com.actionbarsherlock.widget.SearchView)
com.actionbarsherlock.widget.SearchView$SearchAutoComplete: void setThreshold(int)
com.actionbarsherlock.widget.SearchView$SearchAutoComplete: boolean isEmpty()
com.actionbarsherlock.widget.SearchView$SearchAutoComplete: void replaceText(java.lang.CharSequence)
com.actionbarsherlock.widget.SearchView$SearchAutoComplete: void performCompletion()
com.actionbarsherlock.widget.SearchView$SearchAutoComplete: void onWindowFocusChanged(boolean)
com.actionbarsherlock.widget.SearchView$SearchAutoComplete: void onFocusChanged(boolean,int,android.graphics.Rect)
com.actionbarsherlock.widget.SearchView$SearchAutoComplete: boolean enoughToFilter()
com.actionbarsherlock.widget.ShareActionProvider
com.actionbarsherlock.widget.ShareActionProvider: int DEFAULT_INITIAL_ACTIVITY_COUNT
com.actionbarsherlock.widget.ShareActionProvider: int mMaxShownActivityCount
com.actionbarsherlock.widget.ShareActionProvider: com.actionbarsherlock.widget.ShareActionProvider$ShareMenuItemOnMenuItemClickListener mOnMenuItemClickListener
com.actionbarsherlock.widget.ShareActionProvider: java.lang.String DEFAULT_SHARE_HISTORY_FILE_NAME
com.actionbarsherlock.widget.ShareActionProvider: android.content.Context mContext
com.actionbarsherlock.widget.ShareActionProvider: java.lang.String mShareHistoryFileName
com.actionbarsherlock.widget.ShareActionProvider: com.actionbarsherlock.widget.ShareActionProvider$OnShareTargetSelectedListener mOnShareTargetSelectedListener
com.actionbarsherlock.widget.ShareActionProvider: com.actionbarsherlock.widget.ActivityChooserModel$OnChooseActivityListener mOnChooseActivityListener
com.actionbarsherlock.widget.ShareActionProvider: ShareActionProvider(android.content.Context)
com.actionbarsherlock.widget.ShareActionProvider: void setOnShareTargetSelectedListener(com.actionbarsherlock.widget.ShareActionProvider$OnShareTargetSelectedListener)
com.actionbarsherlock.widget.ShareActionProvider: android.view.View onCreateActionView()
com.actionbarsherlock.widget.ShareActionProvider: boolean hasSubMenu()
com.actionbarsherlock.widget.ShareActionProvider: void onPrepareSubMenu(com.actionbarsherlock.view.SubMenu)
com.actionbarsherlock.widget.ShareActionProvider$OnShareTargetSelectedListener
com.actionbarsherlock.widget.ShareActionProvider$OnShareTargetSelectedListener: boolean onShareTargetSelected(com.actionbarsherlock.widget.ShareActionProvider,android.content.Intent)