proguard/mapping.txt
org.leonlong.android.moneymaker.activity.GuideActivity -> org.leonlong.android.moneymaker.activity.GuideActivity:
    android.support.v4.view.ViewPager vp -> a
    android.widget.Button startExperienceBTN -> b
    org.leonlong.android.moneymaker.adapter.GuideViewPageAdapter adapter -> c
    java.util.List views -> d
    int[] guide_imgs -> e
    void onCreate(android.os.Bundle) -> onCreate
    void onPageScrollStateChanged(int) -> b
    void onPageScrolled(int,float,int) -> a
    void onPageSelected(int) -> a
org.leonlong.android.moneymaker.activity.GuideActivity$1 -> org.leonlong.android.moneymaker.activity.a:
    org.leonlong.android.moneymaker.activity.GuideActivity this$0 -> a
    void onClick(android.view.View) -> onClick
org.leonlong.android.moneymaker.activity.MainActivity -> org.leonlong.android.moneymaker.activity.MainActivity:
    android.support.v4.app.Fragment mContent -> a
    long time -> b
    void onCreate(android.os.Bundle) -> onCreate
    boolean onOptionsItemSelected(com.actionbarsherlock.view.MenuItem) -> onOptionsItemSelected
    boolean onCreateOptionsMenu(com.actionbarsherlock.view.Menu) -> onCreateOptionsMenu
    void onSaveInstanceState(android.os.Bundle) -> onSaveInstanceState
    void switchContent(android.support.v4.app.Fragment) -> a
    boolean onKeyDown(int,android.view.KeyEvent) -> onKeyDown
org.leonlong.android.moneymaker.activity.MainActivity$1 -> org.leonlong.android.moneymaker.activity.b:
    org.leonlong.android.moneymaker.activity.MainActivity this$0 -> a
    void run() -> run
org.leonlong.android.moneymaker.activity.OfferDescActivity -> org.leonlong.android.moneymaker.activity.OfferDescActivity:
    int position -> a
    void onCreate(android.os.Bundle) -> onCreate
    boolean onOptionsItemSelected(com.actionbarsherlock.view.MenuItem) -> onOptionsItemSelected
org.leonlong.android.moneymaker.activity.WelcomeActivity -> org.leonlong.android.moneymaker.activity.WelcomeActivity:
    android.widget.ImageView welcomeIV -> a
    android.view.animation.Animation animation -> b
    android.os.Handler handler -> c
    java.lang.Runnable runnable -> d
    void onCreate(android.os.Bundle) -> onCreate
    android.view.animation.Animation access$0(org.leonlong.android.moneymaker.activity.WelcomeActivity) -> a
org.leonlong.android.moneymaker.activity.WelcomeActivity$1 -> org.leonlong.android.moneymaker.activity.c:
    org.leonlong.android.moneymaker.activity.WelcomeActivity this$0 -> a
    void onAnimationStart(android.view.animation.Animation) -> onAnimationStart
    void onAnimationRepeat(android.view.animation.Animation) -> onAnimationRepeat
    void onAnimationEnd(android.view.animation.Animation) -> onAnimationEnd
org.leonlong.android.moneymaker.activity.WelcomeActivity$2 -> org.leonlong.android.moneymaker.activity.d:
    org.leonlong.android.moneymaker.activity.WelcomeActivity this$0 -> a
    void run() -> run
org.leonlong.android.moneymaker.adapter.GuideViewPageAdapter -> org.leonlong.android.moneymaker.a.a:
    java.util.List views -> a
    int getCount() -> getCount
    boolean isViewFromObject(android.view.View,java.lang.Object) -> isViewFromObject
    void destroyItem(android.view.View,int,java.lang.Object) -> destroyItem
    int getItemPosition(java.lang.Object) -> getItemPosition
    java.lang.Object instantiateItem(android.view.View,int) -> instantiateItem
org.leonlong.android.moneymaker.fragment.MenuFragment -> org.leonlong.android.moneymaker.b.a:
    android.view.View onCreateView(android.view.LayoutInflater,android.view.ViewGroup,android.os.Bundle) -> onCreateView
    void onActivityCreated(android.os.Bundle) -> onActivityCreated
    void onListItemClick(android.widget.ListView,android.view.View,int,long) -> onListItemClick
    void switchFragment(android.support.v4.app.Fragment) -> a
...
com.actionbarsherlock.internal.widget.IcsSpinner -> com.actionbarsherlock.internal.widget.IcsSpinner:
    int MAX_ITEMS_MEASURED -> MAX_ITEMS_MEASURED
    int MODE_DROPDOWN -> MODE_DROPDOWN
    com.actionbarsherlock.internal.widget.IcsSpinner$SpinnerPopup mPopup -> mPopup
    com.actionbarsherlock.internal.widget.IcsSpinner$DropDownAdapter mTempAdapter -> mTempAdapter
    int mDropDownWidth -> mDropDownWidth
    int mGravity -> mGravity
    boolean mDisableChildrenWhenDisabled -> mDisableChildrenWhenDisabled
    android.graphics.Rect mTempRect -> mTempRect
    void setEnabled(boolean) -> setEnabled
    void setGravity(int) -> setGravity
    void setAdapter(android.widget.SpinnerAdapter) -> setAdapter
    int getBaseline() -> getBaseline
    void onDetachedFromWindow() -> onDetachedFromWindow
    void setOnItemClickListener(android.widget.AdapterView$OnItemClickListener) -> setOnItemClickListener
    void onMeasure(int,int) -> onMeasure
    void onLayout(boolean,int,int,int,int) -> onLayout
    void layout(int,boolean) -> layout
    android.view.View makeAndAddView(int) -> makeAndAddView
    void setUpChild(android.view.View) -> setUpChild
    boolean performClick() -> performClick
    void onClick(android.content.DialogInterface,int) -> onClick
    void setPrompt(java.lang.CharSequence) -> setPrompt
    void setPromptId(int) -> setPromptId
    java.lang.CharSequence getPrompt() -> getPrompt
com.actionbarsherlock.internal.widget.IcsSpinner$DropDownAdapter -> com.actionbarsherlock.internal.widget.IcsSpinner$DropDownAdapter:
    android.widget.SpinnerAdapter mAdapter -> mAdapter
    android.widget.ListAdapter mListAdapter -> mListAdapter
    int getCount() -> getCount
    java.lang.Object getItem(int) -> getItem
    long getItemId(int) -> getItemId
    android.view.View getView(int,android.view.View,android.view.ViewGroup) -> getView
    android.view.View getDropDownView(int,android.view.View,android.view.ViewGroup) -> getDropDownView
    boolean hasStableIds() -> hasStableIds
    void registerDataSetObserver(android.database.DataSetObserver) -> registerDataSetObserver
    void unregisterDataSetObserver(android.database.DataSetObserver) -> unregisterDataSetObserver
    boolean areAllItemsEnabled() -> areAllItemsEnabled
    boolean isEnabled(int) -> isEnabled
    int getItemViewType(int) -> getItemViewType
    int getViewTypeCount() -> getViewTypeCount
    boolean isEmpty() -> isEmpty
com.actionbarsherlock.internal.widget.IcsSpinner$DropdownPopup -> com.actionbarsherlock.internal.widget.IcsSpinner$DropdownPopup:
    java.lang.CharSequence mHintText -> mHintText
    android.widget.ListAdapter mAdapter -> mAdapter
    com.actionbarsherlock.internal.widget.IcsSpinner this$0 -> this$0
    void setAdapter(android.widget.ListAdapter) -> setAdapter
    java.lang.CharSequence getHintText() -> getHintText
    void setPromptText(java.lang.CharSequence) -> setPromptText
    void show() -> show
    com.actionbarsherlock.internal.widget.IcsSpinner access$0(com.actionbarsherlock.internal.widget.IcsSpinner$DropdownPopup) -> access$0
com.actionbarsherlock.internal.widget.IcsSpinner$DropdownPopup$1 -> com.actionbarsherlock.internal.widget.IcsSpinner$DropdownPopup$1:
    com.actionbarsherlock.internal.widget.IcsSpinner$DropdownPopup this$1 -> this$1
    void onItemClick(android.widget.AdapterView,android.view.View,int,long) -> onItemClick
com.actionbarsherlock.internal.widget.IcsSpinner$SpinnerPopup -> com.actionbarsherlock.internal.widget.IcsSpinner$SpinnerPopup:
    void setAdapter(android.widget.ListAdapter) -> setAdapter
    void show() -> show
    void dismiss() -> dismiss
    boolean isShowing() -> isShowing
    void setPromptText(java.lang.CharSequence) -> setPromptText
    java.lang.CharSequence getHintText() -> getHintText
com.actionbarsherlock.internal.widget.IcsView -> com.actionbarsherlock.internal.widget.IcsView:
    int getMeasuredStateInt(android.view.View) -> getMeasuredStateInt